<?xml version="1.0" encoding="UTF-8"?>
<Site BuildName="Linux-cc"
	BuildStamp="20241203-0033-Experimental"
	Name="Dermen"
	Generator="ctest-3.22.1"
	CompilerName=""
	CompilerVersion=""
	OSName="Linux"
	Hostname="Dermen"
	OSRelease="6.8.0-48-generic"
	OSVersion="#48~22.04.1-Ubuntu SMP PREEMPT_DYNAMIC Mon Oct  7 11:24:13 UTC 2"
	OSPlatform="x86_64"
	Is64Bits="1"
	VendorString="GenuineIntel"
	VendorID="Intel Corporation"
	FamilyID="6"
	ModelID="154"
	ProcessorCacheSize="24576"
	NumberOfLogicalCPU="16"
	NumberOfPhysicalCPU="10"
	TotalVirtualMemory="2047"
	TotalPhysicalMemory="15612"
	LogicalProcessorsPerPhysical="1"
	ProcessorClockFrequency="683.637"
	>
	<Testing>
		<StartDateTime>Dec 03 03:33 MSK</StartDateTime>
		<StartTestTime>1733186033</StartTestTime>
		<TestList/>
		<EndDateTime>Dec 03 03:33 MSK</EndDateTime>
		<EndTestTime>1733186033</EndTestTime>
		<ElapsedMinutes>0</ElapsedMinutes>
	</Testing>
</Site>
